<?xml version="1.0" encoding="UTF-8"?>
<!-- Generated by org.testng.reporters.JUnitXMLReporter -->
<testsuite ignored="0" hostname="LT23101997" failures="1" tests="2" name="Test" time="10.786" errors="0" timestamp="2021-07-04T22:53:38 IST">
  <testcase classname="com.demo.ExtentReports.ReportGeneration3" name="correctTitle" time="4.371"/>
  <testcase classname="com.demo.ExtentReports.ReportGeneration3" name="incorrectTitle" time="4.425">
    <failure type="java.lang.AssertionError" message="expected [Googleeeee] but found [Google]">
      <![CDATA[java.lang.AssertionError: expected [Googleeeee] but found [Google]
at com.demo.ExtentReports.ReportGeneration3.incorrectTitle(ReportGeneration3.java:43)
at java.base/java.util.ArrayList.forEach(ArrayList.java:1511)
... Removed 32 stack frames]]>
    </failure>
  </testcase> <!-- incorrectTitle -->
</testsuite> <!-- Test -->
